<?xml version="1.0" encoding="UTF-8"?>
<testng-results skipped="0" failed="0" total="1" passed="1">
  <reporter-output>
  </reporter-output>
  <suite name="Default suite" duration-ms="17879" started-at="2019-06-02T06:39:33Z" finished-at="2019-06-02T06:39:51Z">
    <groups>
    </groups>
    <test name="Default test" duration-ms="17879" started-at="2019-06-02T06:39:33Z" finished-at="2019-06-02T06:39:51Z">
      <class name="gitHubTest.GitHubTest">
        <test-method status="PASS" signature="loginTest()[pri:0, instance:gitHubTest.GitHubTest@1f37ef1]" name="loginTest" duration-ms="17843" started-at="2019-06-02T12:09:33Z" finished-at="2019-06-02T12:09:51Z">
          <reporter-output>
          </reporter-output>
        </test-method> <!-- loginTest -->
      </class> <!-- gitHubTest.GitHubTest -->
    </test> <!-- Default test -->
  </suite> <!-- Default suite -->
</testng-results>
